<?xml version="1.0" encoding="UTF-8"?>
<!-- Generated by org.testng.reporters.JUnitReportReporter -->
<testsuite hostname="Lenovo-B4GY4R1" failures="0" tests="6" name="test.StartHerePageTest" time="99.387" errors="0" timestamp="2025-06-16T00:58:13 EDT" skipped="0">
  <testcase classname="test.StartHerePageTest" name="StartHereTest" time="18.379"/>
  <testcase classname="test.StartHerePageTest" name="startHerePageTitleTest" time="16.746"/>
  <testcase classname="test.StartHerePageTest" name="FreeCRMLogoTest" time="20.376"/>
  <testcase classname="test.StartHerePageTest" name="StartHereButtonTest" time="12.933"/>
  <testcase classname="test.StartHerePageTest" name="SignUpButtonTest" time="18.867"/>
  <testcase classname="test.StartHerePageTest" name="NumberOfHeaderTest" time="12.086"/>
</testsuite> <!-- test.StartHerePageTest -->
