<?xml version="1.0" encoding="UTF-8"?>
<!-- Generated by org.testng.reporters.JUnitReportReporter -->
<testsuite hostname="Lenovo-B4GY4R1" failures="0" tests="7" name="test.HomePageTest" time="138.108" errors="0" timestamp="2025-06-16T00:58:13 EDT" skipped="0">
  <testcase classname="test.HomePageTest" name="VerityHomePageTitleTest" time="18.074"/>
  <testcase classname="test.HomePageTest" name="VerifyUserNameLableTest" time="16.780"/>
  <testcase classname="test.HomePageTest" name="ClickOnCalenderLinkTest" time="21.331"/>
  <testcase classname="test.HomePageTest" name="ClickOnDealsLinkTest" time="20.333"/>
  <testcase classname="test.HomePageTest" name="ClickOnCompaniesLinkTest" time="23.056"/>
  <testcase classname="test.HomePageTest" name="ClickOnContactsLinkTest" time="21.216"/>
  <testcase classname="test.HomePageTest" name="ClickOnTasksLinkTest" time="17.318"/>
</testsuite> <!-- test.HomePageTest -->
