<?xml version="1.0" encoding="UTF-8"?>
<!-- Generated by org.testng.reporters.JUnitReportReporter -->
<testsuite hostname="Lenovo-B4GY4R1" failures="0" tests="1" name="test.StartHereTest" time="15.339" errors="0" timestamp="2025-05-28T23:58:36 EDT" skipped="0">
  <testcase classname="test.StartHereTest" name="StartHereTest" time="15.339"/>
</testsuite> <!-- test.StartHereTest -->
