<?xml version="1.0" encoding="UTF-8"?>
<!-- Generated by org.testng.reporters.JUnitReportReporter -->
<testsuite hostname="Lenovo-B4GY4R1" failures="0" tests="6" name="test.StartHerePageTest" time="83.410" errors="0" timestamp="2025-06-14T00:17:20 EDT" skipped="0">
  <testcase classname="test.StartHerePageTest" name="StartHereTest" time="16.325"/>
  <testcase classname="test.StartHerePageTest" name="startHerePageTitleTest" time="13.899"/>
  <testcase classname="test.StartHerePageTest" name="FreeCRMLogoTest" time="16.673"/>
  <testcase classname="test.StartHerePageTest" name="StartHereButtonTest" time="11.354"/>
  <testcase classname="test.StartHerePageTest" name="SignUpButtonTest" time="14.162"/>
  <testcase classname="test.StartHerePageTest" name="NumberOfHeaderTest" time="10.997"/>
</testsuite> <!-- test.StartHerePageTest -->
