<?xml version="1.0" encoding="UTF-8"?>
<!-- Generated by org.testng.reporters.JUnitReportReporter -->
<testsuite hostname="Lenovo-B4GY4R1" failures="0" tests="7" name="test.HomePageTest" time="92.488" errors="0" timestamp="2025-06-14T00:17:20 EDT" skipped="0">
  <testcase classname="test.HomePageTest" name="VerityHomePageTitleTest" time="12.152"/>
  <testcase classname="test.HomePageTest" name="VerifyUserNameLableTest" time="13.080"/>
  <testcase classname="test.HomePageTest" name="ClickOnCalenderLinkTest" time="13.492"/>
  <testcase classname="test.HomePageTest" name="ClickOnTasksLinkTest" time="13.593"/>
  <testcase classname="test.HomePageTest" name="ClickOnCompaniesLinkTest" time="13.268"/>
  <testcase classname="test.HomePageTest" name="ClickOnDealsLinkTest" time="13.435"/>
  <testcase classname="test.HomePageTest" name="ClickOnContactsLinkTest" time="13.468"/>
</testsuite> <!-- test.HomePageTest -->
